<?xml version="1.0" encoding="UTF-8"?>
<!-- Generated by org.testng.reporters.JUnitReportReporter -->
<testsuite hostname="LAPTOP-GHOUG3PL" failures="0" tests="1" name="Selenium.Activity9" time="13.038" errors="0" timestamp="2022-02-05T23:54:05 IST" skipped="0">
  <testcase classname="Selenium.Activity9" name="completeLessonTest" time="13.038"/>
  <system-out>
    <![CDATA[The navigation bar and All Courses menu item is present]]>
  </system-out>
</testsuite> <!-- Selenium.Activity9 -->
