<?xml version="1.0" encoding="UTF-8"?>
<!-- Generated by org.testng.reporters.JUnitReportReporter -->
<testsuite hostname="LAPTOP-GHOUG3PL" failures="0" tests="1" name="Selenium.Activity6" time="6.222" errors="0" timestamp="2022-02-05T23:54:05 IST" skipped="0">
  <testcase classname="Selenium.Activity6" name="checkTitleAndLoginTest" time="6.222"/>
  <system-out>
    <![CDATA[The navigation bar and My Account menu item is present
The UserName field and Password field is present]]>
  </system-out>
</testsuite> <!-- Selenium.Activity6 -->
