<?xml version="1.0" encoding="UTF-8"?>
<!-- Generated by org.testng.reporters.JUnitReportReporter -->
<testsuite hostname="LAPTOP-GHOUG3PL" failures="0" tests="1" name="Selenium.Activity2" time="3.765" errors="0" timestamp="2022-02-05T23:54:05 IST" skipped="0">
  <testcase classname="Selenium.Activity2" name="checkWebsiteHeading" time="3.765"/>
  <system-out/>
</testsuite> <!-- Selenium.Activity2 -->
