<?xml version="1.0" encoding="UTF-8"?>
<!-- Generated by org.testng.reporters.JUnitReportReporter -->
<testsuite hostname="LAPTOP-GHOUG3PL" failures="0" tests="1" name="Selenium.Activity5" time="4.179" errors="0" timestamp="2022-02-05T23:54:05 IST" skipped="0">
  <testcase classname="Selenium.Activity5" name="checkNavigationToMyAccountTest" time="4.179"/>
  <system-out>
    <![CDATA[The navigation bar and My Account menu item is present]]>
  </system-out>
</testsuite> <!-- Selenium.Activity5 -->
