<?xml version="1.0" encoding="UTF-8"?>
<!-- Generated by org.testng.reporters.JUnitReportReporter -->
<testsuite hostname="LAPTOP-GHOUG3PL" failures="0" tests="1" name="Selenium.Activity8" time="11.129" errors="0" timestamp="2022-02-05T23:54:05 IST" skipped="0">
  <testcase classname="Selenium.Activity8" name="contactAdmin" time="11.129"/>
  <system-out>
    <![CDATA[The navigation bar and Contact menu item is present
The message displayed after submitting message is : Thanks for contacting us! We will be in touch with you shortly.]]>
  </system-out>
</testsuite> <!-- Selenium.Activity8 -->
