<?xml version="1.0" encoding="UTF-8"?>
<!-- Generated by org.testng.reporters.JUnitReportReporter -->
<testsuite hostname="LAPTOP-GHOUG3PL" failures="0" tests="1" name="Selenium.Activity7" time="4.375" errors="0" timestamp="2022-02-05T23:54:05 IST" skipped="0">
  <testcase classname="Selenium.Activity7" name="checkNumberOfCourses" time="4.375"/>
  <system-out>
    <![CDATA[The navigation bar and All Courses menu item is present
The number of courses present in All Courses are : 3]]>
  </system-out>
</testsuite> <!-- Selenium.Activity7 -->
