<?xml version="1.0" encoding="UTF-8"?>
<!-- Generated by org.testng.reporters.JUnitReportReporter -->
<testsuite hostname="LAPTOP-GHOUG3PL" failures="0" tests="1" name="Selenium.Activity4" time="3.493" errors="0" timestamp="2022-02-05T23:54:05 IST" skipped="0">
  <testcase classname="Selenium.Activity4" name="checkTitleSecondPopularCourse" time="3.493"/>
  <system-out/>
</testsuite> <!-- Selenium.Activity4 -->
